[debug] [2019-06-20T14:18:48.535Z] ----------------------------------------------------------------------
[debug] [2019-06-20T14:18:48.538Z] Command:       C:\Program Files\nodejs\node.exe C:\Users\hcspe\AppData\Roaming\npm\node_modules\firebase-tools\lib\bin\firebase.js init
[debug] [2019-06-20T14:18:48.539Z] CLI Version:   7.0.0
[debug] [2019-06-20T14:18:48.539Z] Platform:      win32
[debug] [2019-06-20T14:18:48.539Z] Node Version:  v10.12.0
[debug] [2019-06-20T14:18:48.622Z] Time:          Thu Jun 20 2019 19:48:48 GMT+0530 (India Standard Time)
[debug] [2019-06-20T14:18:48.622Z] ----------------------------------------------------------------------
[debug] 
[debug] [2019-06-20T14:18:48.723Z] > command requires scopes: ["email","openid","https://www.googleapis.com/auth/cloudplatformprojects.readonly","https://www.googleapis.com/auth/firebase","https://www.googleapis.com/auth/cloud-platform"]
[debug] [2019-06-20T14:18:48.725Z] > authorizing via signed-in user
[info] 
     ######## #### ########  ######## ########     ###     ######  ########
     ##        ##  ##     ## ##       ##     ##  ##   ##  ##       ##
     ######    ##  ########  ######   ########  #########  ######  ######
     ##        ##  ##    ##  ##       ##     ## ##     ##       ## ##
     ##       #### ##     ## ######## ########  ##     ##  ######  ########

You're about to initialize a Firebase project in this directory:

  E:\WUSL\Developing\fas-web

Before we get started, keep in mind:

  * You are initializing in an existing Firebase project directory

[debug] [2019-06-20T14:19:30.537Z] Error: kill ENOSYS
    at process.kill (internal/process/per_thread.js:198:13)
    at process.listener (C:\Users\hcspe\AppData\Roaming\npm\node_modules\firebase-tools\node_modules\signal-exit\index.js:95:15)
    at process.emit (events.js:182:13)
[error] 
[error] Error: An unexpected error has occurred.
[debug] [2019-06-20T14:19:43.116Z] ----------------------------------------------------------------------
[debug] [2019-06-20T14:19:43.118Z] Command:       C:\Program Files\nodejs\node.exe C:\Users\hcspe\AppData\Roaming\npm\node_modules\firebase-tools\lib\bin\firebase.js init
[debug] [2019-06-20T14:19:43.119Z] CLI Version:   7.0.0
[debug] [2019-06-20T14:19:43.119Z] Platform:      win32
[debug] [2019-06-20T14:19:43.119Z] Node Version:  v10.12.0
[debug] [2019-06-20T14:19:43.121Z] Time:          Thu Jun 20 2019 19:49:43 GMT+0530 (India Standard Time)
[debug] [2019-06-20T14:19:43.121Z] ----------------------------------------------------------------------
[debug] 
[debug] [2019-06-20T14:19:43.135Z] > command requires scopes: ["email","openid","https://www.googleapis.com/auth/cloudplatformprojects.readonly","https://www.googleapis.com/auth/firebase","https://www.googleapis.com/auth/cloud-platform"]
[debug] [2019-06-20T14:19:43.136Z] > authorizing via signed-in user
[info] 
     ######## #### ########  ######## ########     ###     ######  ########
     ##        ##  ##     ## ##       ##     ##  ##   ##  ##       ##
     ######    ##  ########  ######   ########  #########  ######  ######
     ##        ##  ##    ##  ##       ##     ## ##     ##       ## ##
     ##       #### ##     ## ######## ########  ##     ##  ######  ########

You're about to initialize a Firebase project in this directory:

  E:\WUSL\Developing\fas-web

Before we get started, keep in mind:

  * You are initializing in an existing Firebase project directory

[debug] [2019-06-20T14:21:38.338Z] ----------------------------------------------------------------------
[debug] [2019-06-20T14:21:38.341Z] Command:       C:\Program Files\nodejs\node.exe C:\Users\hcspe\AppData\Roaming\npm\node_modules\firebase-tools\lib\bin\firebase.js init
[debug] [2019-06-20T14:21:38.342Z] CLI Version:   7.0.0
[debug] [2019-06-20T14:21:38.342Z] Platform:      win32
[debug] [2019-06-20T14:21:38.342Z] Node Version:  v10.12.0
[debug] [2019-06-20T14:21:38.343Z] Time:          Thu Jun 20 2019 19:51:38 GMT+0530 (India Standard Time)
[debug] [2019-06-20T14:21:38.343Z] ----------------------------------------------------------------------
[debug] 
[debug] [2019-06-20T14:21:38.359Z] > command requires scopes: ["email","openid","https://www.googleapis.com/auth/cloudplatformprojects.readonly","https://www.googleapis.com/auth/firebase","https://www.googleapis.com/auth/cloud-platform"]
[debug] [2019-06-20T14:21:38.361Z] > authorizing via signed-in user
[info] 
     ######## #### ########  ######## ########     ###     ######  ########
     ##        ##  ##     ## ##       ##     ##  ##   ##  ##       ##
     ######    ##  ########  ######   ########  #########  ######  ######
     ##        ##  ##    ##  ##       ##     ## ##     ##       ## ##
     ##       #### ##     ## ######## ########  ##     ##  ######  ########

You're about to initialize a Firebase project in this directory:

  E:\wusl\developing\fas-web

Before we get started, keep in mind:

  * You are initializing in an existing Firebase project directory

[debug] [2019-06-20T14:22:16.668Z] Error: kill ENOSYS
    at process.kill (internal/process/per_thread.js:198:13)
    at process.listener (C:\Users\hcspe\AppData\Roaming\npm\node_modules\firebase-tools\node_modules\signal-exit\index.js:95:15)
    at process.emit (events.js:182:13)
[error] 
[error] Error: An unexpected error has occurred.
[debug] [2019-06-23T07:21:59.496Z] ----------------------------------------------------------------------
[debug] [2019-06-23T07:21:59.502Z] Command:       C:\Program Files\nodejs\node.exe C:\Users\hcspe\AppData\Roaming\npm\node_modules\firebase-tools\lib\bin\firebase.js init
[debug] [2019-06-23T07:21:59.503Z] CLI Version:   7.0.0
[debug] [2019-06-23T07:21:59.503Z] Platform:      win32
[debug] [2019-06-23T07:21:59.503Z] Node Version:  v10.12.0
[debug] [2019-06-23T07:21:59.508Z] Time:          Sun Jun 23 2019 12:51:59 GMT+0530 (India Standard Time)
[debug] [2019-06-23T07:21:59.509Z] ----------------------------------------------------------------------
[debug] 
[debug] [2019-06-23T07:21:59.634Z] > command requires scopes: ["email","openid","https://www.googleapis.com/auth/cloudplatformprojects.readonly","https://www.googleapis.com/auth/firebase","https://www.googleapis.com/auth/cloud-platform"]
[debug] [2019-06-23T07:21:59.635Z] > authorizing via signed-in user
[info] 
     ######## #### ########  ######## ########     ###     ######  ########
     ##        ##  ##     ## ##       ##     ##  ##   ##  ##       ##
     ######    ##  ########  ######   ########  #########  ######  ######
     ##        ##  ##    ##  ##       ##     ## ##     ##       ## ##
     ##       #### ##     ## ######## ########  ##     ##  ######  ########

You're about to initialize a Firebase project in this directory:

  E:\WUSL\Developing\fas-web

Before we get started, keep in mind:

  * You are initializing in an existing Firebase project directory

[debug] [2019-06-24T18:18:06.538Z] Error: kill ENOSYS
    at process.kill (internal/process/per_thread.js:198:13)
    at process.listener (C:\Users\hcspe\AppData\Roaming\npm\node_modules\firebase-tools\node_modules\signal-exit\index.js:95:15)
    at process.emit (events.js:182:13)
[error] 
[error] Error: An unexpected error has occurred.
